make.exe all --print-data-base --no-builtin-variables --no-builtin-rules --question
compiling rp2040 board specific files
 
compiling System Generator source files
 
compiling Test Application source files
 
compiling arch/arm source files
 
compiling Common source files
 
# GNU Make 4.3
# Built for x86_64-pc-msys
# Copyright (C) 1988-2020 Free Software Foundation, Inc.
# License GPLv3+: GNU GPL version 3 or later <http://gnu.org/licenses/gpl.html>
# This is free software: you are free to change and redistribute it.
# There is NO WARRANTY, to the extent permitted by law.
 

# Make data base, printed on Wed Jun 15 12:37:20 2022

 
# Variables

# environment
SYSTEMDRIVE = C:
# environment
JAVA_HOME = D:\Program Files\Microsoft\jdk-17.0.3.7-hotspot\
# makefile (from '/d/_E/projects/oss/FreeOSEK/board/rp2040/rp2040.mk', line 4)
AS = ${COMPILER}as
# environment
LC_ALL = C
# environment
USERPROFILE = C:\Users\emb-aanahcn
# makefile (from 'Makefile', line 1)
CWD := /d/_E/projects/oss/FreeOSEK
# environment
VBOX_MSI_INSTALL_PATH = D:\Program Files\Oracle\VirtualBox\
# environment
LOCALAPPDATA = C:\Users\emb-aanahcn\AppData\Local
# environment
VSCODE_IPC_HOOK_EXTHOST = \\.\pipe\vscode-ipc-d6b31e68-9a89-4595-8e43-0a36cf8eda17-sock
# environment
WSLENV = WT_SESSION::WT_PROFILE_ID
# makefile (from 'tools/src/sg-objs.mk', line 17)
SG_OBJS := /d/_E/projects/oss/FreeOSEK/tools/src/sg_counter.o /d/_E/projects/oss/FreeOSEK/tools/src/sg_appmodes.o /d/_E/projects/oss/FreeOSEK/tools/src/sg_events.o /d/_E/projects/oss/FreeOSEK/tools/src/sg_resources.o /d/_E/projects/oss/FreeOSEK/tools/src/sg_messages.o /d/_E/projects/oss/FreeOSEK/tools/src/sg_fifo.o /d/_E/projects/oss/FreeOSEK/tools/src/sg_alarms.o /d/_E/projects/oss/FreeOSEK/tools/src/sg_tasks.o /d/_E/projects/oss/FreeOSEK/tools/src/sg_ivector.o
# environment
VSCODE_CWD = D:\_E\projects\oss\FreeOSEK
# environment
MINGW_PREFIX = D:/Tools/msys64/mingw64
# environment
CHOCOLATEYINSTALL = C:\ProgramData\chocolatey
# environment
SYSTEMROOT = C:\windows
# makefile (from '/d/_E/projects/oss/FreeOSEK/board/rp2040/rp2040.mk', line 36)
STDLIBOBJS := lib/libc-minimal/stdlib/abort.o lib/libc-minimal/stdlib/atoi.o lib/libc-minimal/stdlib/bsearch.o lib/libc-minimal/stdlib/exit.o lib/libc-minimal/stdlib/strtol.o lib/libc-minimal/stdlib/strtoul.o lib/libc-minimal/stdout/fprintf.o 
# environment
PROCESSOR_LEVEL = 6
# environment
 
PSMODULEPATH = C:\Program Files\WindowsPowerShell\Modules;C:\windows\system32\WindowsPowerShell\v1.0\Modules
# default
MAKE_COMMAND := make
# environment
USERDNSDOMAIN = EMBITEL.LOCAL
# automatic
@D = $(patsubst %/,%,$(dir $@))
# environment
ACLOCAL_PATH = D:\Tools\msys64\mingw64\share\aclocal;D:\Tools\msys64\usr\share\aclocal
# environment
CHROME_CRASHPAD_PIPE_NAME = \\.\pipe\crashpad_33744_YFLBAOHIAZXZLKCK
# environment
ONEDRIVECOMMERCIAL = D:\OneDrive\OneDrive - Embitel Technologies India Private Limited
# environment
ORIGINAL_TEMP = C:/Users/EMB-AA~1/AppData/Local/Temp
# makefile (from 'arch/cortex-m4/cortex-m4.mk', line 11)
ARCH_OBJS := /d/_E/projects/oss/FreeOSEK/arch/cortex-m4/lowlevel.o /d/_E/projects/oss/FreeOSEK/arch/cortex-m4/interrupt.o
# environment
VSCODE_HANDLES_UNCAUGHT_ERRORS = true
# default
.VARIABLES := 
# environment
PWD = D:/_E/projects/oss/FreeOSEK
# automatic
%D = $(patsubst %/,%,$(dir $%))
# environment
HOSTNAME = EMB-BAN-921
# environment
XDG_DATA_DIRS = D:\Tools\msys64\mingw64\share\;D:\Tools\msys64\usr\local\share\;D:\Tools\msys64\usr\share\
# environment
OLDPWD = D:/_E/projects/oss/FreeOSEK/board
# automatic
^D = $(patsubst %/,%,$(dir $^))
# makefile (from '/d/_E/projects/oss/FreeOSEK/board/rp2040/rp2040.mk', line 48)
LIBOBJS := lib/libc-minimal/string/string.o lib/libc-minimal/stdout/printf.o
# environment
VSCODE_LOG_STACK = false
# automatic
%F = $(notdir $%)
# environment
VSCODE_CODE_CACHE_PATH = C:\Users\emb-aanahcn\AppData\Roaming\Code\CachedData\4af164ea3a06f701fe3e89a2bcbb421d2026b68f
# makefile (from 'common.mk', line 18)
MINGW_BUILD = TRUE
# environment
LANG = C
# default
.LOADED := 
# environment
TMP = /tmp
# default
.INCLUDE_DIRS = /usr/include /usr/include
# makefile
MAKEFLAGS = pqrR
# environment
PKG_CONFIG_PATH = D:\Tools\msys64\mingw64\lib\pkgconfig;D:\Tools\msys64\mingw64\share\pkgconfig
# environment
ONEDRIVE = D:\OneDrive\OneDrive - Embitel Technologies India Private Limited
# makefile
CURDIR := /d/_E/projects/oss/FreeOSEK
# environment
VSCODE_PIPE_LOGGING = true
# environment
MSYSTEM_CARCH = x86_64
# environment
APPLICATION_INSIGHTS_NO_DIAGNOSTIC_CHANNEL = 1
# automatic
*D = $(patsubst %/,%,$(dir $*))
# environment
PROGRAMFILES = C:\Program Files
# environment
MFLAGS = -pqrR
# default
.SHELLFLAGS := -c
# environment
COMMONPROGRAMW6432 = C:\Program Files\Common Files
# automatic
+D = $(patsubst %/,%,$(dir $+))
# makefile (from '/d/_E/projects/oss/FreeOSEK/board/rp2040/rp2040.mk', line 32)
LDFILE := /d/_E/projects/oss/FreeOSEK/board/rp2040/rp2040.lds
# makefile (from 'common.mk', line 1)
MAKEFILE_LIST := Makefile /d/_E/projects/oss/FreeOSEK/board/rp2040/rp2040.mk tools/src/sg-objs.mk test/app.mk arch/cortex-m4/cortex-m4.mk common.mk
# makefile (from 'arch/cortex-m4/cortex-m4.mk', line 6)
ASFLAGS = ${INCDIRS} -g  ${INCDIRS} -g ${INCDIRS} -g ${INCDIRS} -g
# automatic
@F = $(notdir $@)
# environment
VSCODE_VERBOSE_LOGGING = true
# environment
VSCODE_PID = 33744
# automatic
?D = $(patsubst %/,%,$(dir $?))
# environment
ONLINESERVICES = Online Services
# environment
MINGW_CHOST = x86_64-w64-mingw32
# environment
WT_PROFILE_ID = {f90cc3ac-1b47-4b86-8214-66e4ece162a3}
# makefile (from 'common.mk', line 5)
CMN_OBJS := /d/_E/projects/oss/FreeOSEK/kernel/os_entry.o /d/_E/projects/oss/FreeOSEK/kernel/os_log.o /d/_E/projects/oss/FreeOSEK/kernel/os_fifo.o /d/_E/projects/oss/FreeOSEK/kernel/os_task.o /d/_E/projects/oss/FreeOSEK/kernel/os_event.o /d/_E/projects/oss/FreeOSEK/kernel/os_alarm.o /d/_E/projects/oss/FreeOSEK/kernel/os_isr.o /d/_E/projects/oss/FreeOSEK/kernel/os_res.o
 
# environment
MSYS2_NOSTART = yes
# automatic
*F = $(notdir $*)
# makefile (from '/d/_E/projects/oss/FreeOSEK/board/rp2040/rp2040.mk', line 7)
BOARD_NAME = rp2040
# environment
MANPATH = D:\Tools\msys64\mingw64\local\man;D:\Tools\msys64\mingw64\share\man;D:\Tools\msys64\usr\local\man;D:\Tools\msys64\usr\share\man;D:\Tools\msys64\usr\man;D:\Tools\msys64\share\man
# environment
VW_MCD_HOME = C:\Program Files\VW_MCD_OE\MCD-Kernel
# automatic
<D = $(patsubst %/,%,$(dir $<))
# environment
VSCODE_NLS_CONFIG = {"locale":"en-us","availableLanguages":{},"_languagePackSupport":true}
# environment
ONEDRIVECONSUMER = D:\OneDrive\Personal\OneDrive
# default
MAKE_HOST := x86_64-pc-msys
# makefile (from 'common.mk', line 23)
OBJS := /d/_E/projects/oss/FreeOSEK/kernel/os_entry.o /d/_E/projects/oss/FreeOSEK/kernel/os_log.o /d/_E/projects/oss/FreeOSEK/kernel/os_fifo.o /d/_E/projects/oss/FreeOSEK/kernel/os_task.o /d/_E/projects/oss/FreeOSEK/kernel/os_event.o /d/_E/projects/oss/FreeOSEK/kernel/os_alarm.o /d/_E/projects/oss/FreeOSEK/kernel/os_isr.o /d/_E/projects/oss/FreeOSEK/kernel/os_res.o /d/_E/projects/oss/FreeOSEK/board/rp2040/boot_stage2.o /d/_E/projects/oss/FreeOSEK/board/rp2040/board.o /d/_E/projects/oss/FreeOSEK/board/rp2040/vector_handlers.o /d/_E/projects/oss/FreeOSEK/board/rp2040/vectors.o /d/_E/projects/oss/FreeOSEK/board/rp2040/startup.o /d/_E/projects/oss/FreeOSEK/board/rp2040/bootrom.o  /d/_E/projects/oss/FreeOSEK/arch/cortex-m4/lowlevel.o /d/_E/projects/oss/FreeOSEK/arch/cortex-m4/interrupt.o lib/libc-minimal/string/string.o lib/libc-minimal/stdout/printf.o /d/_E/projects/oss/FreeOSEK/tools/src/sg_counter.o /d/_E/projects/oss/FreeOSEK/tools/src/sg_appmodes.o /d/_E/projects/oss/FreeOSEK/tools/src/sg_events.o /d/_E/projects/oss/FreeOSEK/tools/src/sg_resources.o /d/_E/projects/oss/FreeOSEK/tools/src/sg_messages.o /d/_E/projects/oss/FreeOSEK/tools/src/sg_fifo.o /d/_E/projects/oss/FreeOSEK/tools/src/sg_alarms.o /d/_E/projects/oss/FreeOSEK/tools/src/sg_tasks.o /d/_E/projects/oss/FreeOSEK/tools/src/sg_ivector.o /d/_E/projects/oss/FreeOSEK/test/test_app.o
# makefile (from '/d/_E/projects/oss/FreeOSEK/board/rp2040/rp2040.mk', line 1)
COMPILER = arm-none-eabi-
# environment
PROGRAMDATA = C:\ProgramData
# environment
INFOPATH = D:\Tools\msys64\usr\local\info;D:\Tools\msys64\usr\share\info;D:\Tools\msys64\usr\info;D:\Tools\msys64\share\info
# makefile
SHELL = /bin/sh
 
# environment
ORIGINAL_PATH = /c/Windows/System32:/c/Windows:/c/Windows/System32/Wbem:/c/Windows/System32/WindowsPowerShell/v1.0
# environment
HOMEPATH = \Users\emb-aanahcn
# default
MAKECMDGOALS := all
# environment
SHLVL = 1
# environment
DRIVERDATA = C:\Windows\System32\Drivers\DriverData
# environment
COMSPEC = C:\windows\system32\cmd.exe
# environment
WINDIR = C:\windows
# environment
MAKELEVEL := 0
# default
MAKE = $(MAKE_COMMAND)
# environment
PATH = /mingw64/bin:/usr/local/bin:/usr/bin:/usr/bin:/c/Windows/System32:/c/Windows:/c/Windows/System32/Wbem:/c/Windows/System32/WindowsPowerShell/v1.0:/usr/bin/site_perl:/usr/bin/vendor_perl:/usr/bin/core_perl
# environment
ZES_ENABLE_SYSMAN = 1
# environment
COMPUTERNAME = EMB-BAN-921
# default
MAKEFILES := 
# environment
LOGINSHELL = bash
# automatic
^F = $(notdir $^)
# environment
MINGW_PACKAGE_PREFIX = mingw-w64-x86_64
# environment
PROMPT = $P$G
# environment
CHOCOLATEYLASTPATHUPDATE = 132894677711896702
# environment
ODIS_ENGINEERING = C:\Program Files\Offboard_Diagnostic_Information_System_Engineering\OffboardDiagLauncher.exe
# environment
WT_SESSION = 69b069c5-a5b3-44cb-ade8-418a0a46daad
# environment
LOGONSERVER = \\EMB-L01-DC03
# environment
CONTITLE = MinGW x64
# environment
VSCODE_LOG_NATIVE = false
# environment
USERNAME = emb-aanahcn
# makefile (from '/d/_E/projects/oss/FreeOSEK/board/rp2040/rp2040.mk', line 9)
CC_VERS := 10.1.0
# environment
COMMONPROGRAMFILES = C:\Program Files\Common Files
# environment
PRINTER = Microsoft Print to PDF
# automatic
?F = $(notdir $?)
# environment
PROGRAMW6432 = C:\Program Files
# environment
VW_MCD_CONFIG = c:/program files/vw_mcd_oe
# environment
MSYSTEM_CHOST = x86_64-w64-mingw32
# environment
PATHEXT = .COM;.EXE;.BAT;.CMD;.VBS;.VBE;.JS;.JSE;.WSF;.WSH;.MSC
# automatic
+F = $(notdir $+)
# environment
CONFIG_SITE = D:/Tools/msys64/etc/config.site
# environment
 
ORIGINAL_XDG_CURRENT_DESKTOP = undefined
# environment
USERDOMAIN = EMBITEL
# 'override' directive
GNUMAKEFLAGS := 
# makefile (from 'common.mk', line 3)
INCDIRS := -I /d/_E/projects/oss/FreeOSEK/include -I /d/_E/projects/oss/FreeOSEK/include/arch/aarch32/ -I /d/_E/projects/oss/FreeOSEK/board/rp2040 -I /d/_E/projects/oss/FreeOSEK/lib/include -I /d/_E/projects/oss/FreeOSEK/tools/src  -I /d/_E/projects/oss/FreeOSEK/test -I /d/_E/projects/oss/FreeOSEK/arch/arm -I /d/_E/projects/oss/FreeOSEK/board
# environment
OS = Windows_NT
# environment
CONICON = mingw64.ico
# environment
MSYSTEM_PREFIX = D:/Tools/msys64/mingw64
# makefile (from 'common.mk', line 26)
.DEFAULT_GOAL := all
# makefile (from '/d/_E/projects/oss/FreeOSEK/board/rp2040/rp2040.mk', line 6)
ARCH = arm32
# environment
USER = emb-aanahcn
# default
MAKE_VERSION := 4.3
# 'override' directive
.SHELLSTATUS := 0
# makefile (from '/d/_E/projects/oss/FreeOSEK/board/rp2040/rp2040.mk', line 53)
BRD_OBJS := /d/_E/projects/oss/FreeOSEK/board/rp2040/boot_stage2.o /d/_E/projects/oss/FreeOSEK/board/rp2040/board.o /d/_E/projects/oss/FreeOSEK/board/rp2040/vector_handlers.o /d/_E/projects/oss/FreeOSEK/board/rp2040/vectors.o /d/_E/projects/oss/FreeOSEK/board/rp2040/startup.o /d/_E/projects/oss/FreeOSEK/board/rp2040/bootrom.o 
# environment
PLATFORMCODE = AN
# environment
PROGRAMFILES(X86) = C:\Program Files (x86)
# makefile (from 'arch/cortex-m4/cortex-m4.mk', line 4)
LDFLAGS = -nostdlib -g -L${LIB_GCC_A_PATH} -lgcc -m armelf -T ${LDFILE} -g -g -g
# environment
!D: = d:\_E\projects\oss\FreeOSEK
# environment
USERDOMAIN_ROAMINGPROFILE = EMBITEL
# environment
NUMBER_OF_PROCESSORS = 12
# environment
PUBLIC = C:\Users\Public
# environment
_ = D:/Program Files/Microsoft VS Code/Code.exe
# environment
APPDATA = C:\Users\emb-aanahcn\AppData\Roaming
# makefile (from 'arch/cortex-m4/cortex-m4.mk', line 5)
CFLAGS = -Werror ${INCDIRS} -g -mthumb -mthumb-interwork -march=armv6-m -mcpu=cortex-m0plus -mthumb -mthumb-interwork -march=armv6-m -mcpu=cortex-m0plus -Werror ${INCDIRS} -g -Werror ${INCDIRS} -g -Werror ${INCDIRS} -g
 
# environment
HOMEDRIVE = C:
# environment
PROCESSOR_ARCHITECTURE = AMD64
# environment
MINGW_ROOT = D:\Tools\msys64\mingw64
# environment
VSCODE_AMD_ENTRYPOINT = vs/workbench/api/node/extensionHostProcess
# environment
MSYSTEM = MINGW64
# environment
HOME = /c/Users/emb-aanahcn
# environment
COMMONPROGRAMFILES(X86) = C:\Program Files (x86)\Common Files
# environment
ELECTRON_RUN_AS_NODE = 1
# environment
TEMP = /tmp
# environment
TERM = xterm-256color
# environment
VSCODE_IPC_HOOK = \\.\pipe\a8c6147fff8d9449cd9f39ba9aef7a28-1.68.0-main-sock
# makefile (from '/d/_E/projects/oss/FreeOSEK/board/rp2040/rp2040.mk', line 11)
LIB_GCC_A_PATH = ${MINGW_ROOT}/lib/gcc/arm-none-eabi/${CC_VERS}
# default
.RECIPEPREFIX := 
# environment
ORIGINAL_TMP = C:/Users/EMB-AA~1/AppData/Local/Temp
# automatic
<F = $(notdir $<)
# environment
WD = D:\Tools\msys64\usr\bin\
# environment
ALLUSERSPROFILE = C:\ProgramData
# default
SUFFIXES := 
# makefile (from '/d/_E/projects/oss/FreeOSEK/board/rp2040/rp2040.mk', line 3)
LD = ${COMPILER}ld
# makefile (from 'common.mk', line 1)
TARGET = osek-os
# makefile (from 'test/app.mk', line 17)
APP_OBJS := /d/_E/projects/oss/FreeOSEK/test/test_app.o
# default
.FEATURES := target-specific order-only second-expansion else-if shortest-stem undefine oneshell nocomment grouped-target extra-prereqs archives jobserver output-sync check-symlink load
# environment
REGIONCODE = APJ
# environment
PROCESSOR_REVISION = a502
# makefile (from '/d/_E/projects/oss/FreeOSEK/board/rp2040/rp2040.mk', line 2)
CC = ${COMPILER}gcc
 
# makefile (from '/d/_E/projects/oss/FreeOSEK/board/rp2040/rp2040.mk', line 5)
OBJCOPY = ${COMPILER}objcopy
# environment
PROCESSOR_IDENTIFIER = Intel64 Family 6 Model 165 Stepping 2, GenuineIntel
# variable set hash-table stats:
# Load=165/1024=16%, Rehash=0, Collisions=24/298=8%

# Pattern-specific Variable Values

# No pattern-specific variable values.

# Directories

# . (device 304554260, inode 1407374883706471): 27 files, no impossibilities.

# 27 files, no impossibilities in 1 directories.

# Implicit Rules

# No implicit rules.

# Files

# Not a target:
/d/_E/projects/oss/FreeOSEK/kernel/os_isr.o:
#  Implicit rule search has not been done.
#  Modification time never checked.
#  File has not been updated.

# Not a target:
/d/_E/projects/oss/FreeOSEK/arch/cortex-m4/lowlevel.o:
#  Implicit rule search has not been done.
#  Modification time never checked.
#  File has not been updated.

# Not a target:
/d/_E/projects/oss/FreeOSEK/kernel/os_entry.o:
#  Implicit rule search has not been done.
 
#  Modification time never checked.
#  File has not been updated.

# Not a target:
/d/_E/projects/oss/FreeOSEK/kernel/os_log.o:
#  Implicit rule search has not been done.
#  Modification time never checked.
#  File has not been updated.

# Not a target:
/d/_E/projects/oss/FreeOSEK/kernel/os_task.o:
#  Implicit rule search has not been done.
#  Modification time never checked.
#  File has not been updated.

# Not a target:
/d/_E/projects/oss/FreeOSEK/board/rp2040/vectors.o:
#  Implicit rule search has not been done.
#  Modification time never checked.
#  File has not been updated.

# Not a target:
common.mk:
#  Implicit rule search has been done.
#  Last modified 2022-06-02 00:06:00.4282044
#  File has been updated.
#  Successfully updated.

# Not a target:
/d/_E/projects/oss/FreeOSEK/kernel/os_alarm.o:
#  Implicit rule search has not been done.
#  Modification time never checked.
#  File has not been updated.

# Not a target:
Makefile:
#  Implicit rule search has been done.
#  Last modified 2022-06-12 21:26:43.1530756
#  File has been updated.
#  Successfully updated.

build_check:
#  Implicit rule search has not been done.
#  Implicit/static pattern stem: ''
#  File does not exist.
 
#  File has been updated.
#  Needs to be updated (-q is set).
# automatic
# @ := build_check
# automatic
# * := 
# automatic
# < := 
# automatic
# + := 
# automatic
# % := 
# automatic
# ^ := 
# automatic
# ? := 
# automatic
# | := 
# variable set hash-table stats:
# Load=8/32=25%, Rehash=0, Collisions=1/13=8%
#  recipe to execute (from 'common.mk', line 29):
	@if [ ${MINGW_BUILD} = TRUE ]; then\
		if [ -z "${MINGW_ROOT}" ]; then\
			printf "\nError: MINGW_ROOT is not defined! Please define it as a environmental variable!";\
			printf "\n[Hint: MINGW_ROOT should point to MSYS2 installation path (D:\msys64\mingw64)]\n";\
			exit 1;\
		fi;\
	fi

# Not a target:
lib/libc-minimal/stdout/printf.o:
#  Implicit rule search has not been done.
#  Modification time never checked.
#  File has not been updated.

clean:
#  Implicit rule search has not been done.
#  Modification time never checked.
#  File has not been updated.
#  recipe to execute (from 'common.mk', line 49):
 
	rm -f ${OBJS}
	rm -f ${TARGET}.bin ${TARGET}.elf

# Not a target:
/d/_E/projects/oss/FreeOSEK/tools/src/sg_alarms.o:
#  Implicit rule search has not been done.
#  Modification time never checked.
#  File has not been updated.

# Not a target:
test/app.mk:
#  Implicit rule search has been done.
#  Last modified 2022-06-02 00:06:00.5452072
#  File has been updated.
#  Successfully updated.

info:
#  Implicit rule search has not been done.
#  Modification time never checked.
#  File has not been updated.
#  recipe to execute (from 'common.mk', line 45):
	@echo make can be run with var ARCH=${ARCH}
	@echo By default ARCH=arm64

# Not a target:
/d/_E/projects/oss/FreeOSEK/kernel/os_event.o:
#  Implicit rule search has not been done.
#  Modification time never checked.
#  File has not been updated.

# Not a target:
/d/_E/projects/oss/FreeOSEK/tools/src/sg_counter.o:
#  Implicit rule search has not been done.
#  Modification time never checked.
#  File has not been updated.

# Not a target:
/d/_E/projects/oss/FreeOSEK/board/rp2040/startup.o:
#  Implicit rule search has not been done.
#  Modification time never checked.
#  File has not been updated.

# Not a target:
/d/_E/projects/oss/FreeOSEK/tools/src/sg_messages.o:
#  Implicit rule search has not been done.
#  Modification time never checked.
#  File has not been updated.

# Not a target:
tools/src/sg-objs.mk:
#  Implicit rule search has been done.
 
#  Last modified 2022-06-02 00:06:00.5672458
#  File has been updated.
#  Successfully updated.

osek-os: /d/_E/projects/oss/FreeOSEK/kernel/os_entry.o /d/_E/projects/oss/FreeOSEK/kernel/os_log.o /d/_E/projects/oss/FreeOSEK/kernel/os_fifo.o /d/_E/projects/oss/FreeOSEK/kernel/os_task.o /d/_E/projects/oss/FreeOSEK/kernel/os_event.o /d/_E/projects/oss/FreeOSEK/kernel/os_alarm.o /d/_E/projects/oss/FreeOSEK/kernel/os_isr.o /d/_E/projects/oss/FreeOSEK/kernel/os_res.o /d/_E/projects/oss/FreeOSEK/board/rp2040/boot_stage2.o /d/_E/projects/oss/FreeOSEK/board/rp2040/board.o /d/_E/projects/oss/FreeOSEK/board/rp2040/vector_handlers.o /d/_E/projects/oss/FreeOSEK/board/rp2040/vectors.o /d/_E/projects/oss/FreeOSEK/board/rp2040/startup.o /d/_E/projects/oss/FreeOSEK/board/rp2040/bootrom.o /d/_E/projects/oss/FreeOSEK/arch/cortex-m4/lowlevel.o /d/_E/projects/oss/FreeOSEK/arch/cortex-m4/interrupt.o lib/libc-minimal/string/string.o lib/libc-minimal/stdout/printf.o /d/_E/projects/oss/FreeOSEK/tools/src/sg_counter.o /d/_E/projects/oss/FreeOSEK/tools/src/sg_appmodes.o /d/_E/projects/oss/FreeOSEK/tools/src/sg_events.o /d/_E/projects/oss/FreeOSEK/tools/src/sg_resources.o /d/_E/projects/oss/FreeOSEK/tools/src/sg_messages.o /d/_E/projects/oss/FreeOSEK/tools/src/sg_fifo.o /d/_E/projects/oss/FreeOSEK/tools/src/sg_alarms.o /d/_E/projects/oss/FreeOSEK/tools/src/sg_tasks.o /d/_E/projects/oss/FreeOSEK/tools/src/sg_ivector.o /d/_E/projects/oss/FreeOSEK/test/test_app.o
#  Implicit rule search has not been done.
#  Modification time never checked.
#  File has not been updated.
#  recipe to execute (from 'common.mk', line 38):
	@echo LINKING OBJECTS...
	$(LD) $^ -o ${TARGET}.elf $(LDFLAGS) -Map=${TARGET}.map
	$(OBJCOPY) -O binary ${TARGET}.elf ${TARGET}.bin

# Not a target:
/d/_E/projects/oss/FreeOSEK/arch/cortex-m4/interrupt.o:
#  Implicit rule search has not been done.
#  Modification time never checked.
#  File has not been updated.

# Not a target:
.DEFAULT:
#  Implicit rule search has not been done.
#  Modification time never checked.
#  File has not been updated.

# Not a target:
/d/_E/projects/oss/FreeOSEK/kernel/os_res.o:
#  Implicit rule search has not been done.
#  Modification time never checked.
#  File has not been updated.

all: build_check osek-os
#  Phony target (prerequisite of .PHONY).
#  Command line target.
#  Implicit rule search has not been done.
#  File does not exist.
#  File has been updated.
#  Needs to be updated (-q is set).
# variable set hash-table stats:
# Load=0/32=0%, Rehash=0, Collisions=0/5=0%

# Not a target:
/d/_E/projects/oss/FreeOSEK/board/rp2040/board.o:
#  Implicit rule search has not been done.
 
#  Modification time never checked.
#  File has not been updated.

# Not a target:
/d/_E/projects/oss/FreeOSEK/tools/src/sg_fifo.o:
#  Implicit rule search has not been done.
#  Modification time never checked.
#  File has not been updated.

# Not a target:
/d/_E/projects/oss/FreeOSEK/tools/src/sg_tasks.o:
#  Implicit rule search has not been done.
#  Modification time never checked.
#  File has not been updated.

# Not a target:
/d/_E/projects/oss/FreeOSEK/board/rp2040/vector_handlers.o:
#  Implicit rule search has not been done.
#  Modification time never checked.
#  File has not been updated.

# Not a target:
/d/_E/projects/oss/FreeOSEK/board/rp2040/bootrom.o:
#  Implicit rule search has not been done.
#  Modification time never checked.
#  File has not been updated.

# Not a target:
lib/libc-minimal/string/string.o:
#  Implicit rule search has not been done.
#  Modification time never checked.
#  File has not been updated.

# Not a target:
/d/_E/projects/oss/FreeOSEK/test/test_app.o:
#  Implicit rule search has not been done.
#  Modification time never checked.
#  File has not been updated.

# Not a target:
/d/_E/projects/oss/FreeOSEK/tools/src/sg_events.o:
#  Implicit rule search has not been done.
#  Modification time never checked.
#  File has not been updated.

# Not a target:
/d/_E/projects/oss/FreeOSEK/kernel/os_fifo.o:
#  Implicit rule search has not been done.
#  Modification time never checked.
#  File has not been updated.

# Not a target:
/d/_E/projects/oss/FreeOSEK/board/rp2040/rp2040.mk:
#  Implicit rule search has been done.
#  Last modified 2022-06-15 12:34:53.3136833
#  File has been updated.
#  Successfully updated.

# Not a target:
/d/_E/projects/oss/FreeOSEK/board/rp2040/boot_stage2.o:
#  Implicit rule search has not been done.
#  Modification time never checked.
 
#  File has not been updated.

# Not a target:
arch/cortex-m4/cortex-m4.mk:
#  Implicit rule search has been done.
#  Last modified 2022-06-02 00:06:00.4049315
#  File has been updated.
#  Successfully updated.

# Not a target:
.SUFFIXES:
#  Implicit rule search has not been done.
#  Modification time never checked.
#  File has not been updated.

.PHONY: all
#  Implicit rule search has not been done.
#  Modification time never checked.
#  File has not been updated.

# Not a target:
/d/_E/projects/oss/FreeOSEK/tools/src/sg_appmodes.o:
#  Implicit rule search has not been done.
#  Modification time never checked.
#  File has not been updated.

# Not a target:
/d/_E/projects/oss/FreeOSEK/tools/src/sg_ivector.o:
#  Implicit rule search has not been done.
#  Modification time never checked.
#  File has not been updated.

# Not a target:
/d/_E/projects/oss/FreeOSEK/tools/src/sg_resources.o:
#  Implicit rule search has not been done.
#  Modification time never checked.
#  File has not been updated.

# files hash-table stats:
# Load=42/1024=4%, Rehash=0, Collisions=10/90=11%
# VPATH Search Paths

# No 'vpath' search paths.

 
# No general ('VPATH' variable) search path.

# strcache buffers: 1 (0) / strings = 68 / storage = 1750 B / avg = 25 B
# current buf: size = 8162 B / used = 1750 B / count = 68 / avg = 25 B

# strcache performance: lookups = 89 / hit rate = 23%
# hash-table stats:
# Load=68/8192=1%, Rehash=0, Collisions=1/89=1%
# Finished Make data base on Wed Jun 15 12:37:20 2022

 
